500
0 0 1 2 3 4 5 7 13 46 79 148 321 
1 0 1 2 3 4 5 7 13 46 79 148 321 
2 0 1 2 7 30 79 105 
3 0 1 2 4 5 7 30 46 79 321 2240 
4 0 1 2 3 4 5 30 79 148 259 321 
5 0 1 2 3 4 7 46 75 79 321 
6 0 1 2 7 30 46 79 259 
7 0 1 2 7 30 46 79 259 321 
8 0 1 2 7 30 79 148 259 321 
9 0 1 2 3 5 7 30 79 321 
10 0 1 2 7 30 79 148 259 321 
11 0 1 2 3 4 7 30 46 76 79 321 2240 
12 0 1 2 3 4 7 13 46 79 148 321 2240 
13 0 1 2 3 7 76 79 321 427 2240 
14 0 1 2 3 46 79 148 321 427 2240 
15 0 1 2 3 4 5 7 13 79 148 321 
16 0 1 2 7 30 79 148 259 321 
17 0 1 2 3 4 5 7 13 79 259 
18 0 1 2 7 30 46 79 183 
19 0 1 2 3 7 13 76 79 148 
20 0 1 2 3 4 5 7 13 76 79 321 
21 0 1 2 7 30 79 105 
22 0 1 2 3 4 5 7 30 46 76 79 148 
23 0 1 2 3 4 7 13 76 79 321 
24 0 1 2 3 7 76 79 321 2240 
25 0 1 2 3 4 5 7 30 76 79 321 427 2240 
26 0 1 2 3 4 7 30 46 76 
27 0 1 2 3 7 13 79 259 
28 0 1 2 3 5 7 30 79 321 
29 0 1 2 3 4 5 7 46 76 79 259 321 
30 0 1 2 3 4 5 7 76 79 321 
31 0 1 2 3 4 5 7 46 76 79 259 321 
32 0 1 2 7 30 79 148 183 
33 0 1 2 3 4 30 79 148 321 
34 0 1 2 7 30 46 79 259 321 
35 0 1 2 7 30 76 
36 0 1 2 3 4 5 6 46 76 79 148 321 
37 0 1 2 7 30 79 148 259 321 
38 0 1 2 3 4 30 79 148 321 427 
39 0 1 2 3 5 7 79 259 
40 0 1 2 3 4 5 7 76 79 321 
41 0 1 2 3 4 5 7 13 46 79 148 259 
42 0 1 2 3 7 13 79 321 427 
43 0 1 2 7 30 79 105 
44 0 1 2 3 7 76 79 321 2240 
45 0 1 2 3 4 7 46 76 79 321 
46 0 1 2 3 4 7 13 76 79 321 2240 
47 0 1 3 4 5 7 13 46 79 148 321 
48 0 1 2 3 4 5 7 79 259 321 
49 0 1 2 3 5 30 46 79 148 321 427 2240 
50 0 1 2 3 4 5 7 46 76 79 259 321 
51 0 1 2 3 5 7 30 76 79 321 427 
52 0 1 2 3 4 7 30 46 79 321 
53 0 1 2 3 4 7 30 46 79 183 
54 0 1 2 4 6 7 46 76 79 321 
55 0 1 2 3 13 46 76 
56 0 1 2 7 30 79 148 259 321 
57 0 1 2 3 4 7 30 46 76 79 321 427 
58 0 1 2 3 4 7 46 76 79 321 
59 0 1 2 3 4 5 7 30 46 79 259 
60 0 1 2 3 4 5 7 30 79 148 321 
61 0 1 2 3 4 7 13 46 79 148 321 
62 0 1 2 3 7 13 79 321 427 2240 
63 0 1 2 3 4 5 79 148 321 427 2240 
64 0 1 2 3 4 5 79 148 321 427 
65 0 1 2 7 30 46 79 259 
66 0 1 2 7 30 79 148 259 321 
67 0 1 2 7 30 46 79 259 321 
68 0 1 2 3 7 13 79 321 427 2240 
69 0 1 2 7 46 75 76 79 
70 0 1 2 3 4 5 7 46 79 321 2240 
71 0 1 2 3 4 7 30 46 76 79 
72 0 1 2 30 46 76 79 148 321 
73 0 1 2 3 4 7 30 46 79 148 
74 0 1 2 3 4 7 30 46 76 79 
75 0 1 2 7 30 76 79 321 
76 0 1 2 3 4 7 13 46 79 148 321 427 
77 0 1 2 3 7 13 76 79 259 321 
78 0 1 2 3 4 7 30 46 76 79 321 2240 
79 0 1 2 3 5 30 46 79 148 259 
80 0 1 2 3 7 13 79 259 
81 0 1 2 3 4 5 7 13 76 79 148 321 
82 0 1 2 3 4 7 13 46 79 148 321 
83 0 1 2 7 30 46 79 259 
84 0 1 2 3 4 5 7 79 
85 0 1 2 3 4 7 30 46 79 321 
86 0 1 2 3 4 5 7 13 46 79 148 321 
87 0 1 2 3 7 76 79 321 427 
88 0 1 2 7 30 79 148 259 321 
89 0 1 2 3 4 7 30 46 76 79 321 2240 
90 0 1 2 3 5 7 30 76 79 321 427 2240 
91 0 1 2 3 4 10 79 321 427 2240 
92 0 1 2 3 4 7 30 46 79 321 
93 0 1 2 3 4 5 7 79 259 321 
94 0 1 2 3 4 7 30 46 76 79 321 2240 
95 0 1 2 7 30 46 79 259 
96 0 1 2 7 30 79 105 
97 0 1 2 7 30 79 148 259 321 
98 0 1 2 3 7 79 321 
99 0 1 2 7 30 46 79 259 
100 0 1 2 7 30 46 79 259 
101 0 1 2 3 13 79 148 321 427 
102 0 1 2 3 7 13 79 321 427 
103 0 1 2 7 30 46 79 259 321 
104 0 1 2 3 4 7 30 46 76 79 321 2240 
105 0 1 2 7 30 46 79 259 321 
106 0 1 2 4 6 7 46 76 79 321 
107 0 1 2 3 5 7 30 76 79 321 427 2240 
108 0 1 2 3 4 7 30 46 76 79 259 
109 0 1 2 3 4 5 7 79 
110 0 1 2 3 4 7 30 46 79 321 
111 0 1 2 3 4 5 7 79 
112 0 1 2 3 4 5 7 46 76 79 259 321 
113 0 1 2 3 4 5 6 7 79 259 321 
114 0 1 2 3 5 7 79 259 
115 0 1 2 3 7 13 79 259 
116 0 1 2 4 7 30 76 79 321 427 2240 
117 0 1 2 7 30 76 79 321 
118 0 1 2 3 4 7 30 79 259 321 
119 0 1 2 3 4 7 13 76 79 321 427 2240 
120 0 1 2 3 4 5 79 148 321 
121 0 1 2 3 4 30 46 79 148 321 
122 0 1 2 3 4 5 7 46 76 79 259 321 
123 0 1 2 3 4 5 7 46 76 79 259 321 
124 0 1 2 3 4 5 7 46 76 79 259 321 
125 0 1 2 3 4 7 13 76 79 321 427 
126 0 1 2 3 7 13 79 259 321 
127 0 1 2 3 46 79 148 321 2240 
128 0 1 2 3 4 5 79 148 321 2240 
129 0 1 2 3 4 30 46 79 148 321 427 
130 0 1 2 3 4 7 13 76 79 321 
131 0 1 2 3 7 79 321 
132 0 1 2 3 4 7 30 46 76 
133 0 1 2 5 7 76 79 
134 0 1 2 3 4 5 79 148 321 
135 0 1 2 3 4 5 79 148 321 2240 
136 0 1 2 3 4 5 7 76 79 321 2240 
137 0 1 2 3 4 5 79 148 321 
138 0 1 2 3 4 5 6 7 79 259 321 
139 0 1 2 3 5 7 30 76 79 259 
140 0 1 2 3 7 13 76 79 148 
141 0 1 2 3 4 5 79 148 321 
142 0 1 2 3 7 30 46 76 79 321 427 
143 0 1 2 4 6 7 46 
144 0 1 2 3 4 7 13 46 79 148 321 
145 0 1 2 3 5 7 30 79 321 
146 0 1 2 4 5 6 79 148 321 427 
147 0 1 2 7 30 46 79 259 321 
148 0 1 2 3 4 5 7 46 76 79 259 
149 0 1 2 3 4 5 13 46 79 
150 0 1 2 3 7 76 79 321 427 
151 0 1 2 3 4 5 7 46 76 79 259 321 
152 0 1 2 3 4 5 7 46 76 79 259 321 
153 0 1 2 3 4 7 46 76 79 321 
154 0 1 2 3 4 5 7 79 
155 0 1 2 3 4 5 7 46 79 321 
156 0 1 2 3 7 13 76 79 148 321 
157 0 1 2 3 7 79 
158 0 1 2 3 7 79 
159 0 1 2 3 4 7 13 46 79 148 321 
160 0 1 2 7 30 79 105 
161 0 1 2 3 4 5 7 79 
162 0 1 2 30 46 76 79 148 321 
163 0 1 2 3 7 79 
164 0 1 2 3 5 7 30 79 321 
165 0 1 2 3 4 5 7 79 
166 0 1 2 3 4 5 79 148 321 427 
167 0 1 2 3 4 7 30 46 76 
168 0 1 2 3 4 7 30 79 259 321 
169 0 1 2 3 4 5 7 46 76 79 259 321 
170 0 1 2 3 7 13 76 79 259 321 
171 0 1 2 3 4 5 6 7 79 148 259 321 
172 0 1 2 3 7 30 46 76 79 321 2240 
173 0 1 2 3 4 6 7 79 321 
174 0 1 2 3 4 7 30 46 79 321 
175 0 1 2 3 4 5 46 79 148 259 321 
176 0 1 2 3 4 7 13 76 79 321 
177 0 1 2 3 4 7 30 46 79 321 
178 0 1 2 3 4 7 30 46 76 79 321 
179 0 1 2 3 5 7 13 79 148 
180 0 1 2 3 4 5 7 46 76 79 259 
181 0 1 2 3 4 7 13 46 79 148 321 427 
182 0 1 2 3 4 5 79 148 321 427 
183 0 1 2 7 30 79 148 259 321 
184 0 1 2 7 30 79 105 
185 0 1 2 7 30 46 79 259 321 
186 0 1 2 7 30 46 79 259 321 
187 0 1 2 3 4 7 30 46 79 321 
188 0 1 2 7 30 46 79 259 321 
189 0 1 2 7 30 46 79 259 321 
190 0 1 2 3 4 7 30 46 76 79 
191 0 1 2 3 7 13 76 79 183 
192 0 1 2 3 4 7 13 46 79 148 321 
193 0 1 2 7 30 76 
194 0 1 2 3 4 5 7 46 76 79 259 321 
195 0 1 2 7 30 46 79 259 321 
196 0 1 2 3 4 5 7 46 76 79 148 321 
197 0 1 2 3 4 7 30 46 79 148 
198 0 1 2 3 4 7 30 46 79 259 321 
199 0 1 2 7 30 46 183 
200 0 1 2 3 4 5 7 13 46 79 148 321 
201 0 1 2 7 30 46 79 259 321 
202 0 1 2 3 4 5 7 30 79 148 259 321 
203 0 1 2 3 4 6 7 79 321 
204 0 1 2 3 4 5 79 148 321 427 
205 0 1 2 7 30 46 79 259 321 
206 0 1 2 3 4 5 7 46 79 321 
207 0 1 2 3 7 30 79 
208 0 1 2 3 4 7 30 46 76 79 321 427 
209 0 1 2 3 5 7 30 76 79 259 321 
210 0 1 2 7 30 46 79 259 321 
211 0 1 2 4 6 7 46 76 79 321 
212 0 1 2 3 7 13 79 321 427 
213 0 1 2 3 5 7 79 321 427 
214 0 1 2 3 5 7 30 79 321 2240 
215 0 1 2 3 7 76 79 321 427 
216 0 1 2 3 7 13 79 321 2240 
217 0 1 2 3 4 5 79 148 321 
218 0 1 2 3 5 7 30 76 79 259 
219 0 1 2 3 4 5 6 7 46 79 259 321 
220 0 1 2 3 4 5 7 46 76 79 259 321 
221 0 1 2 3 7 30 79 
222 0 1 2 3 4 5 6 7 79 105 
223 0 1 2 30 46 76 79 148 321 
224 0 1 2 3 5 7 30 76 79 259 321 
225 0 1 2 3 4 7 46 
226 0 1 2 3 5 6 7 76 79 259 321 
227 0 1 2 3 4 7 46 76 79 321 
228 0 1 2 3 4 7 30 46 76 79 321 2240 
229 0 1 2 7 30 46 79 259 
230 0 1 2 3 4 7 30 46 79 321 
231 0 1 2 3 4 5 30 46 79 
232 0 1 2 3 13 46 76 
233 0 1 2 3 4 7 30 46 79 183 
234 0 1 2 3 4 7 30 79 183 
235 0 1 2 3 4 5 79 148 321 2240 
236 0 1 2 7 30 76 
237 0 1 2 3 4 7 13 46 79 148 321 2240 
238 0 1 2 3 4 7 30 46 79 321 
239 0 1 2 3 46 79 148 321 
240 0 1 2 3 4 5 7 30 46 79 321 427 2240 
241 0 1 2 3 7 76 79 321 427 
242 0 1 2 3 4 7 30 46 76 79 259 
243 0 1 2 3 4 7 76 79 148 321 
244 0 1 2 3 7 13 79 321 427 
245 0 1 2 3 4 5 7 46 79 321 427 
246 0 1 2 3 7 79 321 
247 0 1 3 4 5 6 46 
248 0 1 2 3 4 7 13 46 79 148 321 
249 0 1 2 3 4 7 30 46 76 79 321 427 2240 
250 0 1 2 3 4 5 79 148 259 321 
251 0 1 2 3 7 13 79 321 427 
252 0 1 2 7 30 79 148 259 321 
253 0 1 2 3 4 7 46 75 76 79 321 
254 0 1 2 3 4 7 30 46 76 79 321 427 
255 0 1 2 3 4 7 30 76 79 
256 0 1 2 3 7 46 56 79 321 
257 0 1 2 3 4 7 30 46 79 321 
258 0 1 2 4 6 7 46 
259 0 1 2 3 5 7 30 76 79 148 321 
260 0 1 2 3 7 13 76 79 148 321 
261 0 1 2 7 46 76 79 321 
262 0 1 2 7 30 46 79 259 321 
263 0 1 2 3 4 7 13 46 79 148 321 
264 0 1 2 3 7 13 76 79 148 
265 0 1 2 3 7 13 79 259 
266 0 1 2 3 5 7 30 79 321 
267 0 1 2 3 7 79 321 
268 0 1 2 3 13 46 76 
269 0 1 2 3 4 5 7 46 79 321 427 2240 
270 0 1 2 3 4 6 7 79 321 
271 0 1 2 3 4 5 7 79 259 321 
272 0 1 2 7 30 46 79 259 321 
273 0 1 2 4 7 30 76 79 321 427 
274 0 1 2 30 46 76 79 148 321 
275 0 1 2 3 4 5 79 148 321 427 2240 
276 0 1 2 7 30 46 79 259 321 
277 0 1 2 3 4 5 7 79 
278 0 1 2 3 5 7 30 79 321 
279 0 1 2 3 4 5 7 76 79 321 
280 0 1 2 3 4 7 46 76 79 321 
281 0 1 2 3 4 7 30 46 76 79 321 427 
282 0 1 2 3 4 7 30 46 76 79 
283 0 1 2 3 4 5 7 46 79 183 
284 0 1 2 3 4 7 30 79 259 321 
285 0 1 2 3 7 13 76 79 148 321 
286 0 1 2 3 4 5 7 46 76 79 259 321 
287 0 1 2 3 4 5 6 7 76 79 321 
288 0 1 2 7 30 46 79 259 321 
289 0 1 2 3 5 7 30 76 79 259 
290 0 1 2 7 46 75 76 79 
291 0 1 2 30 46 76 79 148 321 
292 0 1 2 4 7 
293 0 1 2 4 6 7 76 79 148 321 2240 
294 0 1 2 3 4 5 79 148 321 2240 
295 0 1 2 3 5 7 30 76 79 259 321 
296 0 1 2 3 7 13 79 321 427 2240 
297 0 1 2 7 30 46 79 259 
298 0 1 2 3 7 30 79 
299 0 1 2 3 4 5 6 7 79 259 321 
300 0 1 2 3 7 13 79 259 321 
301 0 1 2 4 5 7 30 76 79 321 
302 0 1 2 7 30 46 79 259 321 
303 0 1 2 3 7 13 76 79 148 
304 0 1 2 3 4 5 7 79 183 
305 0 1 2 3 46 79 148 259 
306 0 1 2 3 4 5 7 76 79 321 
307 0 1 2 3 7 13 79 321 427 
308 0 1 2 3 5 7 30 76 79 321 427 
309 0 1 2 3 7 76 79 321 2240 
310 0 1 2 3 5 7 79 321 427 2240 
311 0 1 2 3 4 5 30 79 148 259 321 
312 0 1 2 5 7 76 79 321 
313 0 1 2 3 7 79 321 
314 0 1 2 3 4 7 13 46 79 148 321 
315 0 1 2 3 4 6 7 79 321 2240 
316 0 1 2 3 4 7 30 46 76 79 321 427 2240 
317 0 1 2 3 7 79 321 
318 0 1 2 3 7 79 321 
319 0 1 2 3 4 7 13 46 79 148 321 
320 0 1 2 7 30 46 79 259 321 
321 0 1 2 3 4 5 79 148 321 
322 0 1 2 3 4 7 30 79 259 321 
323 0 1 2 3 5 7 30 79 321 
324 0 1 2 3 5 7 30 79 321 
325 0 1 2 3 4 5 79 148 321 
326 0 1 2 7 30 46 79 259 321 
327 0 1 2 7 30 46 79 259 321 
328 0 1 2 7 30 46 79 259 321 
329 0 1 2 7 30 79 105 321 
330 0 1 2 3 4 7 30 46 79 148 
331 0 1 2 3 7 76 79 321 
332 0 1 2 3 4 7 30 46 79 
333 0 1 2 3 5 7 13 46 79 
334 0 1 2 3 7 76 79 321 427 
335 0 1 2 3 4 30 46 76 79 259 321 
336 0 1 2 3 4 7 30 46 76 79 259 
337 0 1 2 30 46 76 79 148 
338 0 1 2 3 4 30 79 148 
339 0 1 2 7 30 46 79 259 321 
340 0 1 2 7 30 79 148 259 321 
341 0 1 2 7 30 46 79 259 321 
342 0 1 2 3 4 5 7 46 76 79 259 321 
343 0 1 2 3 5 30 46 79 148 259 
344 0 1 2 5 7 76 79 321 
345 0 1 2 3 4 5 7 30 46 79 321 427 
346 0 1 2 3 5 6 7 79 321 427 2240 
347 0 1 2 3 4 7 30 46 76 79 321 427 
348 0 1 2 3 5 30 46 79 148 259 
349 0 1 2 3 46 79 148 321 427 
350 0 1 2 7 46 79 148 259 321 
351 0 1 2 3 7 13 76 79 148 
352 0 1 2 3 7 13 79 321 427 
353 0 1 2 3 4 7 13 46 79 148 321 2240 
354 0 1 2 7 30 46 79 259 321 
355 0 1 2 5 7 46 79 148 
356 0 1 2 4 6 7 46 76 79 321 
357 0 1 2 3 5 7 30 79 321 2240 
358 0 1 2 3 5 6 7 76 79 321 427 2240 
359 0 1 2 3 13 46 79 148 259 321 
360 0 1 2 4 6 7 46 
361 0 1 2 3 4 7 30 46 76 
362 0 1 2 7 30 79 105 321 
363 0 1 2 3 4 5 7 46 79 321 
364 0 1 2 4 6 30 79 148 321 
365 0 1 2 4 6 7 46 79 
366 0 1 2 7 30 46 79 259 321 
367 0 1 2 3 4 7 30 46 79 259 321 
368 0 1 2 3 4 5 13 79 259 321 
369 0 1 2 4 6 46 76 79 148 321 
370 0 1 2 3 7 79 321 
371 0 1 2 3 7 79 321 
372 0 1 2 3 4 5 7 76 79 321 
373 0 1 2 3 4 7 30 79 321 2240 
374 0 1 2 3 5 7 30 76 79 259 321 
375 0 1 2 7 30 79 148 259 321 
376 0 1 2 3 4 10 79 321 427 2240 
377 0 1 2 3 4 7 79 148 259 321 
378 0 1 2 3 7 76 79 321 427 
379 0 1 2 5 7 30 76 79 321 
380 0 1 2 3 4 7 30 46 79 183 
381 0 1 2 3 4 5 7 30 46 79 148 321 
382 0 1 2 30 46 76 79 148 321 
383 0 1 2 3 4 5 79 148 321 427 
384 0 1 2 3 4 7 30 46 79 321 
385 0 1 2 3 4 7 30 46 79 321 
386 0 1 2 3 5 7 30 76 79 259 321 
387 0 1 2 3 4 7 30 46 76 79 321 2240 
388 0 1 2 3 7 76 79 321 427 
389 0 1 2 46 75 79 259 321 
390 0 1 2 7 30 46 79 259 321 
391 0 1 2 3 4 5 7 76 79 321 
392 0 1 2 7 30 76 
393 0 1 2 3 4 5 6 7 79 259 
394 0 1 2 3 4 5 79 148 321 2240 
395 0 1 2 3 5 7 30 76 79 259 321 
396 0 1 2 3 4 5 7 46 76 79 259 321 
397 0 1 2 3 4 7 30 46 76 79 259 
398 0 1 2 3 5 7 30 79 321 
399 0 1 2 3 5 7 30 79 321 
400 0 1 2 7 30 76 
401 0 1 2 3 4 7 13 76 79 321 427 
402 0 1 2 3 7 76 79 321 2240 
403 0 1 2 3 4 5 7 46 76 79 321 
404 0 1 2 3 4 7 30 46 76 
405 0 1 2 3 4 5 79 148 321 
406 0 1 3 4 30 75 76 79 259 321 
407 0 1 2 7 30 79 148 259 321 
408 0 1 2 3 5 7 30 79 321 
409 0 1 2 7 30 79 148 183 
410 0 1 2 3 5 7 30 76 79 259 
411 0 1 2 3 4 5 7 30 79 148 321 
412 0 1 2 7 30 46 79 259 321 
413 0 1 2 7 30 46 79 259 321 
414 0 1 2 3 4 5 79 148 321 427 
415 0 1 2 3 7 13 76 79 148 321 
416 0 1 2 3 5 7 30 79 321 
417 0 1 2 3 7 79 321 
418 0 1 2 7 30 79 148 259 321 
419 0 1 2 5 7 46 79 148 
420 0 1 2 3 4 7 30 46 79 321 
421 0 1 2 3 4 5 79 148 321 2240 
422 0 1 2 3 7 13 76 79 148 
423 0 1 2 3 4 5 7 46 76 79 259 321 
424 0 1 2 3 7 13 76 79 148 
425 0 1 2 3 4 5 79 148 321 
426 0 1 2 3 4 7 30 46 79 259 321 
427 0 1 2 3 4 7 30 46 76 79 
428 0 1 2 3 4 5 7 46 79 321 
429 0 1 2 7 30 46 79 259 321 
430 0 1 2 3 4 5 6 7 79 148 321 
431 0 1 2 7 30 46 79 259 
432 0 1 2 3 4 5 7 79 259 321 
433 0 1 2 4 5 6 79 148 321 
434 0 1 2 3 4 7 30 46 79 321 
435 0 1 2 3 4 5 7 13 46 79 148 321 
436 0 1 2 3 4 7 30 46 79 321 
437 0 1 2 7 30 76 
438 0 1 2 3 4 5 7 46 76 79 259 321 
439 0 1 2 3 7 76 79 321 427 
440 0 1 2 7 30 76 
441 0 1 2 3 4 5 46 76 79 148 259 
442 0 1 2 3 4 5 7 46 76 79 259 321 
443 0 1 2 7 30 46 79 259 
444 0 1 2 3 4 7 30 46 76 79 321 427 
445 0 1 2 7 30 79 148 259 321 
446 0 1 2 7 46 76 
447 0 1 2 3 4 5 7 46 79 321 
448 0 1 2 3 4 30 76 79 148 321 
449 0 1 2 3 4 7 30 46 79 183 
450 0 1 2 7 30 46 79 259 321 
451 0 1 2 7 30 79 148 259 321 
452 0 1 2 3 5 7 30 79 321 
453 0 1 2 4 5 7 30 76 79 148 321 
454 0 1 2 3 4 7 30 46 76 79 321 
455 0 1 2 7 30 79 148 259 321 
456 0 1 2 3 4 7 30 46 79 321 
457 0 1 2 3 7 13 79 259 
458 0 1 2 3 4 5 79 148 321 
459 0 1 2 3 4 5 6 7 76 79 321 2240 
460 0 1 2 3 7 76 79 321 427 
461 0 1 2 3 4 5 7 30 46 76 79 183 
462 0 1 2 3 4 5 7 46 79 321 427 
463 0 1 2 7 30 79 148 259 321 
464 0 1 2 7 30 79 105 
465 0 1 2 3 4 7 30 46 79 321 
466 0 1 2 3 7 13 79 259 
467 0 1 2 4 5 7 76 79 259 
468 0 1 2 3 4 7 30 76 79 
469 0 1 2 3 7 13 79 259 
470 0 1 2 3 7 30 79 
471 0 1 2 3 4 7 13 76 79 321 
472 0 1 2 7 30 46 79 259 321 
473 0 1 2 3 7 13 79 321 2240 
474 0 1 2 3 4 7 13 46 79 148 321 427 2240 
475 0 1 2 3 7 79 321 
476 0 1 2 4 5 6 79 148 259 321 
477 0 1 2 3 7 13 76 79 183 
478 0 1 2 3 4 7 30 46 76 79 321 427 
479 0 1 2 3 4 7 13 76 79 321 
480 0 1 2 3 4 7 13 76 79 321 
481 0 1 2 3 7 30 46 76 79 321 
482 0 1 2 3 4 5 6 7 79 148 259 321 
483 0 1 2 3 4 5 7 30 79 148 321 
484 0 1 2 3 7 13 76 79 183 
485 0 1 2 3 4 7 30 46 79 321 
486 0 1 2 7 30 46 79 259 321 
487 0 1 2 3 4 5 7 46 79 321 2240 
488 0 1 2 3 4 5 79 148 321 427 
489 0 1 2 3 5 7 30 76 79 259 
490 0 1 2 3 4 5 79 148 321 427 
491 0 1 2 3 7 13 79 259 
492 0 1 2 3 7 13 76 79 148 
493 0 1 2 3 4 7 79 148 259 321 
494 0 1 2 7 30 46 79 183 
495 0 1 2 7 30 46 79 259 321 
496 0 1 2 4 5 6 79 148 321 
497 0 1 2 4 6 79 259 321 
498 0 1 2 3 4 7 13 76 79 321 
499 0 1 2 7 30 76 
