100
0 17 19 20 21 44 52 93 109 116 122 127 130 138 152 158 159 166 176 177 186 192 201 210 213 214 220 223 229 231 316 655 
1 1 6 8 12 15 23 25 41 46 52 54 55 60 64 65 67 70 74 75 82 85 88 91 93 109 112 114 116 117 119 138 152 166 1572 
2 0 1 2 3 4 5 6 7 8 9 10 11 12 13 14 15 16 17 18 19 20 21 22 23 24 26 27 28 29 30 31 32 33 35 37 867 2264 3756 3975 
3 2 12 14 18 20 21 31 33 52 58 59 60 62 68 75 76 78 81 83 90 93 94 96 104 113 114 117 124 125 135 140 155 355 1671 3097 
4 2 26 29 129 144 147 160 217 257 310 392 397 424 433 467 488 509 511 562 593 670 740 742 753 779 786 790 890 1679 1881 2818 3348 3767 3975 7055 
5 14 15 31 38 56 60 62 64 81 86 87 93 94 97 100 101 102 109 112 119 135 148 151 152 160 161 164 181 185 199 201 204 210 216 303 329 330 621 797 
6 2 10 16 24 29 35 39 40 43 45 47 49 56 57 61 62 67 78 82 85 95 110 112 115 118 119 122 126 135 137 148 3097 
7 0 17 21 28 35 37 40 46 47 49 53 56 68 81 85 88 89 94 97 115 119 124 127 129 139 151 229 236 554 583 
8 0 1 2 3 4 5 6 7 8 9 10 11 12 13 14 15 16 17 18 19 20 21 22 23 24 26 27 28 29 30 31 32 33 34 35 37 63 
9 5 10 24 52 60 64 75 106 123 131 162 163 164 172 176 184 189 227 232 245 250 283 285 287 289 294 297 316 321 338 609 725 6304 
10 1 2 13 25 31 51 65 67 81 86 111 122 124 127 128 134 150 152 153 168 177 196 200 203 222 253 355 948 2848 5926 
11 1 2 4 6 8 10 12 15 19 23 25 34 35 42 46 48 52 54 55 56 60 64 65 67 70 74 82 90 111 138 176 725 3975 
12 7 10 24 26 35 39 40 43 45 47 57 61 78 82 85 95 100 110 115 121 122 140 145 153 162 166 168 169 170 171 175 482 621 708 3756 
13 0 35 37 49 53 56 64 127 129 139 158 160 172 201 202 218 233 261 275 276 325 342 343 361 375 386 393 400 422 425 429 443 463 469 572 595 
14 1 4 34 64 90 119 146 151 156 178 195 201 215 236 253 290 303 316 355 361 366 391 396 430 453 456 491 492 524 543 550 608 653 666 737 948 4371 
15 1 4 5 6 7 11 12 14 18 20 21 22 26 29 34 41 43 45 46 47 51 52 54 55 56 58 61 69 84 1263 
16 119 151 156 169 170 195 215 242 247 258 275 303 314 456 492 524 610 612 621 659 688 706 816 819 825 846 848 880 914 933 948 992 1296 1315 1610 4023 
17 1 2 60 111 119 122 128 162 176 222 237 245 249 250 289 318 361 363 370 418 435 454 488 493 502 532 534 547 580 2955 
18 7 9 26 59 100 109 145 171 179 192 211 216 223 267 269 286 322 356 384 390 393 420 439 450 465 486 488 496 506 519 520 534 546 632 708 728 
19 4 19 28 37 47 64 69 74 82 85 88 91 92 102 124 128 131 153 154 168 169 175 179 198 200 203 210 214 222 228 236 245 250 253 355 356 708 1184 2264 5926 
20 5 7 15 22 24 27 30 33 35 37 40 42 49 56 57 60 61 62 64 69 75 80 90 91 94 102 114 119 120 122 125 131 144 147 148 149 151 158 164 172 1290 2153 
21 0 5 6 7 8 12 19 21 22 28 35 37 39 44 46 47 49 53 56 64 65 69 70 73 77 79 81 83 86 88 96 97 114 554 1263 3849 
22 0 1 2 3 4 5 6 7 8 9 10 11 12 13 14 15 16 17 18 19 20 21 22 23 24 25 26 27 28 30 35 69 138 554 867 
23 0 4 7 10 19 35 37 42 49 52 53 56 57 59 60 67 106 118 119 123 124 125 129 139 142 158 160 167 172 185 253 554 
24 4 5 7 8 10 12 19 22 24 28 31 35 37 39 40 42 44 45 46 48 52 56 60 64 69 70 73 74 79 82 85 86 88 96 155 583 708 1173 
25 0 48 64 85 101 127 138 160 202 227 270 283 342 367 380 383 393 400 425 440 463 469 525 567 602 627 710 1200 2685 7242 
26 1 2 5 6 7 8 12 15 19 21 22 23 24 25 26 27 30 33 35 37 39 40 42 44 46 47 57 69 120 138 155 554 
27 0 1 2 3 4 5 6 7 8 9 10 11 12 13 14 15 16 17 18 19 20 21 22 23 24 26 27 28 29 30 31 32 33 35 63 120 7624 
28 1 19 20 28 44 83 93 121 137 146 169 170 178 190 213 234 242 247 258 272 275 294 297 310 314 321 353 708 
29 1 5 7 57 59 60 106 119 131 146 151 156 162 163 164 176 178 182 194 195 196 200 215 219 223 229 250 253 264 268 270 274 279 290 292 303 306 554 655 4371 
30 13 19 20 25 31 44 56 60 81 93 112 134 135 148 150 151 152 162 164 169 170 176 177 213 234 242 247 250 258 272 275 332 355 370 621 708 1263 2848 7624 
31 2 5 12 14 16 18 20 21 29 31 33 37 40 47 49 52 56 58 59 60 62 65 68 75 76 78 81 83 90 121 126 554 3097 5921 
32 10 24 47 52 60 83 93 109 116 119 121 122 130 138 152 159 162 166 172 176 177 186 192 203 204 214 220 231 239 288 554 
33 1 4 6 7 11 12 14 16 18 19 20 22 26 28 29 34 40 41 43 45 46 47 49 51 52 54 55 57 58 61 70 74 126 138 
34 1 4 24 52 146 155 178 253 295 305 322 355 366 369 391 395 396 412 414 453 472 515 519 540 550 554 574 591 594 608 666 680 681 688 776 909 1482 1737 
35 28 137 190 272 297 310 350 419 425 471 646 675 763 899 969 1016 1074 1150 1165 1186 1352 1504 1617 1752 1782 1842 1909 1959 2239 3011 3126 3923 4551 4613 8450 
36 5 7 15 16 21 22 27 30 33 35 37 40 42 47 49 56 57 60 61 75 80 81 90 91 94 102 114 118 119 120 122 124 126 131 1290 
37 0 1 5 6 7 9 15 20 21 22 24 26 27 30 33 35 37 40 42 48 49 52 56 57 59 60 61 64 70 72 75 78 80 81 96 120 121 155 404 1290 
38 94 96 125 137 165 169 339 355 364 399 415 475 496 507 549 585 642 698 718 768 799 839 876 907 945 958 987 1054 1334 1602 1671 3097 7677 
39 5 7 8 12 19 22 26 34 39 44 46 56 69 70 73 74 75 79 86 88 91 96 99 106 108 113 114 128 135 140 142 155 183 583 1671 5921 
40 2 29 45 51 62 64 68 75 81 85 86 93 97 106 109 119 144 147 151 160 170 172 176 189 201 204 209 210 211 214 216 316 329 355 1263 7055 
41 28 52 62 64 65 75 77 83 119 132 151 156 170 172 176 189 214 238 245 264 292 294 295 316 321 331 340 365 372 380 412 414 416 554 595 625 725 2153 
42 6 8 14 19 20 44 57 62 73 85 93 113 118 119 126 149 151 164 170 172 176 203 213 214 234 248 261 272 282 292 293 294 299 305 356 655 708 
43 1 2 3 6 8 12 15 23 25 28 46 54 55 65 67 70 74 77 82 83 91 93 111 112 114 117 122 128 132 136 137 138 157 176 236 243 4247 
44 7 56 60 64 100 112 135 145 148 151 162 164 171 176 194 207 216 250 270 301 305 312 369 370 378 465 472 486 498 515 519 525 532 540 574 650 653 671 708 1334 2371 7624 
45 1 2 5 6 7 8 12 15 19 22 23 25 29 31 39 44 46 52 54 55 56 57 59 64 67 69 70 73 138 554 5921 6729 7055 
46 7 13 19 20 22 25 31 44 48 60 81 88 93 100 110 130 134 142 145 146 150 152 171 177 181 202 205 280 485 708 1263 
47 0 2 10 26 29 35 37 39 40 43 47 48 49 53 56 57 61 78 82 85 88 95 101 110 115 138 139 140 158 
48 1 3 5 6 18 24 64 75 131 137 146 149 162 164 178 181 184 189 211 227 232 233 239 245 274 283 285 287 294 316 321 338 686 4247 
49 0 1 7 28 43 48 58 60 93 94 96 100 125 137 145 165 171 185 190 202 216 224 240 272 297 310 327 335 339 350 355 443 671 708 1671 
50 0 2 5 7 8 12 19 22 24 39 44 46 48 56 60 69 70 73 79 85 86 88 91 93 96 99 101 108 112 114 135 138 140 155 1482 
51 334 373 749 811 832 910 966 1063 1417 1491 1602 1848 1957 1960 2410 2420 2500 2613 2633 2642 2756 2826 3046 3084 3218 3390 3576 3586 3722 3734 3805 3824 4433 4532 4601 4606 4677 4705 4946 5501 9365 
52 2 29 64 194 207 270 301 310 312 397 424 467 498 509 525 579 593 603 620 688 742 753 786 825 883 897 901 987 1017 1070 2818 5851 6402 7055 
53 0 1 2 3 6 8 12 15 20 21 23 25 26 30 46 48 52 54 55 67 70 72 74 78 82 89 90 121 
54 0 5 10 19 20 28 39 40 43 44 47 48 57 61 62 65 77 78 82 83 85 93 95 101 110 115 119 131 132 138 140 144 151 156 164 166 176 224 290 621 1263 
55 0 1 6 7 10 11 14 15 20 21 26 30 37 38 48 52 62 70 72 78 83 89 90 93 94 96 97 99 100 114 121 123 404 1737 
56 5 7 8 10 12 19 22 24 35 39 40 44 45 46 56 67 69 70 73 79 86 88 91 96 99 108 114 119 122 124 128 135 140 151 155 199 583 621 3756 
57 0 5 7 19 20 26 35 37 44 49 53 56 60 93 100 129 131 139 144 145 147 158 160 162 163 164 171 172 176 182 196 200 201 213 229 
58 1 5 7 8 10 12 13 18 19 20 22 24 25 26 32 37 38 39 41 42 44 46 47 56 120 138 
59 4 10 19 35 42 52 56 118 123 125 142 167 185 189 195 203 204 226 259 294 323 343 414 418 440 470 479 494 535 545 579 671 
60 4 28 52 64 65 77 83 106 123 132 137 156 163 190 194 207 232 238 253 264 270 272 297 301 310 312 321 350 355 380 412 625 899 1016 4247 5661 6729 
61 0 1 6 9 19 20 21 26 30 44 48 52 59 70 72 78 81 87 89 90 93 96 99 100 105 109 114 115 121 126 128 131 135 152 184 
62 45 51 56 68 69 85 106 112 135 144 147 148 151 164 174 209 211 259 278 345 355 356 359 361 363 378 388 454 465 495 497 498 525 527 595 650 879 1263 7624 
63 5 24 55 64 131 164 169 184 198 227 232 283 285 287 305 321 338 352 364 367 369 399 425 431 432 436 445 449 472 475 507 515 519 1334 
64 0 1 5 6 7 8 12 15 22 23 25 27 30 33 35 37 40 42 43 46 49 54 55 56 57 58 60 61 67 70 74 80 102 120 126 138 176 1290 9584 
65 4 19 20 26 44 47 59 69 88 93 102 129 144 147 160 177 181 198 200 205 210 213 217 234 253 257 259 272 280 294 299 355 708 1263 2780 3975 
66 0 16 18 35 37 40 49 53 56 94 96 118 125 126 129 137 139 157 158 160 164 165 169 172 181 201 211 218 233 242 261 355 356 1387 1671 3477 
67 0 1 2 3 4 5 6 7 8 9 10 11 12 13 14 15 16 17 18 19 20 21 22 23 24 26 27 28 29 30 35 69 155 1671 2264 
68 1 2 6 7 8 12 14 15 18 20 21 23 25 29 31 33 46 52 54 55 57 58 59 60 62 67 68 70 74 78 82 138 155 176 554 7055 
69 0 1 7 43 58 100 145 171 185 216 224 240 335 358 388 427 486 501 519 542 577 671 689 699 708 738 756 762 781 782 807 808 811 873 876 895 936 977 1334 2112 6165 
70 2 7 14 52 57 59 73 106 123 163 170 194 203 223 232 253 261 264 270 279 282 292 297 299 321 344 372 424 448 453 456 554 604 671 797 859 990 3244 3975 5661 6729 
71 5 16 40 48 49 60 93 118 126 131 137 157 163 164 169 182 196 200 202 219 229 242 264 268 274 289 290 306 308 314 330 1334 2591 3097 
72 0 1 2 4 6 8 12 15 20 21 23 25 26 30 34 46 48 52 54 55 64 67 70 72 74 78 82 90 114 138 176 404 
73 0 1 2 3 4 5 6 7 8 9 10 11 12 13 14 15 16 17 18 19 20 21 22 23 24 26 27 28 29 30 31 32 35 37 62 867 
74 0 14 28 48 57 60 65 73 75 77 83 85 101 132 138 156 160 162 169 170 176 189 203 227 238 242 245 247 250 258 264 270 621 725 2955 
75 0 1 26 37 43 47 58 69 85 88 102 129 144 147 160 169 174 185 198 200 210 217 224 236 240 245 253 257 259 293 335 339 356 1334 2264 
76 4 10 16 22 24 30 39 40 43 47 50 57 61 64 71 78 82 85 88 94 95 104 110 112 115 129 140 166 867 2060 
77 2 12 14 18 20 21 31 33 52 58 59 60 62 68 75 76 78 81 83 90 93 104 113 114 117 124 130 134 135 140 155 197 199 229 554 
78 0 2 24 29 35 37 40 45 47 49 53 56 60 69 102 119 122 129 139 158 160 172 198 200 201 210 218 233 245 259 261 275 276 310 1604 2818 3756 
79 0 1 3 13 25 28 31 35 43 58 64 71 81 87 98 119 134 137 150 151 152 156 169 177 185 190 224 303 355 485 873 2848 4371 
80 1 2 3 5 7 10 13 18 19 20 24 25 26 31 32 34 37 38 39 41 42 46 47 50 51 52 56 60 61 63 107 138 859 
81 4 10 13 25 31 45 51 65 68 81 83 85 94 96 106 121 125 126 127 134 137 144 147 150 152 162 163 165 196 355 554 900 
82 0 1 6 20 21 26 30 48 52 67 70 72 78 81 89 90 94 96 99 100 105 114 115 121 124 125 126 128 129 131 135 152 166 184 355 1671 9584 
83 0 2 10 21 26 47 48 60 81 85 93 101 119 124 129 134 138 144 147 153 160 161 162 172 213 372 554 797 3244 3975 
84 2 5 12 14 16 18 20 21 24 31 33 37 40 49 51 52 58 59 60 62 64 68 75 76 78 81 102 114 155 1737 2264 
85 9 13 25 31 52 59 81 106 109 123 134 150 152 163 177 179 211 223 232 269 286 297 332 338 355 356 361 370 371 384 402 476 679 681 850 2848 4102 6304 
86 0 1 2 3 6 7 14 15 19 20 21 26 28 29 30 34 35 38 45 48 51 52 62 64 68 70 71 72 74 78 82 85 114 121 708 
87 7 13 21 25 31 47 52 81 93 100 109 116 119 122 124 130 134 138 145 150 152 153 159 161 166 169 176 316 355 554 708 1334 2848 3097 
88 17 21 45 47 51 67 68 81 85 106 119 124 127 130 134 144 147 153 158 161 201 209 210 211 213 229 253 331 355 554 595 1263 
89 0 1 2 3 4 5 6 7 8 9 10 11 12 13 14 15 16 17 18 19 20 21 22 23 24 27 28 37 69 138 
90 5 17 21 24 28 62 64 67 119 124 127 130 131 137 151 158 164 170 172 176 184 190 201 210 214 223 227 229 232 239 253 272 282 283 285 310 1384 2153 2713 
91 48 60 67 93 124 202 253 327 338 378 407 414 438 443 455 473 534 620 651 654 680 817 825 889 892 920 1016 1155 1221 2591 
92 7 45 51 52 57 59 68 81 85 93 106 109 116 122 126 130 138 144 147 152 159 163 166 169 176 177 186 192 211 229 231 253 316 355 549 554 797 1263 3097 
93 0 1 2 5 7 15 21 22 27 30 33 35 37 40 42 47 49 53 56 57 60 61 75 80 81 90 91 94 102 114 119 554 1290 
94 47 69 75 83 102 121 189 198 200 210 245 258 259 272 294 316 321 356 365 370 396 402 414 420 518 552 554 557 607 618 627 632 643 645 653 680 697 725 830 900 1604 5921 
95 1 4 6 7 11 12 14 18 20 22 26 28 29 34 41 43 45 46 47 51 52 54 55 58 59 61 65 66 68 70 138 164 3975 4247 
96 1 2 3 5 29 34 64 65 88 90 111 122 127 128 131 137 149 163 164 177 181 182 196 200 201 229 236 249 268 7055 
97 0 1 2 6 20 21 26 30 34 45 48 51 52 59 64 68 70 72 78 81 85 89 90 92 96 99 114 121 126 166 583 1263 9584 
98 26 43 48 52 60 64 72 81 86 93 94 96 97 109 125 137 160 165 201 202 204 210 216 219 232 291 329 339 355 621 1671 
99 1 2 5 7 8 12 14 15 19 21 22 26 29 37 38 39 44 46 47 56 58 62 64 69 70 73 79 81 86 88 91 93 96 155 303 3975 
